<?xml version="1.0" encoding="UTF-8"?>
<testng-results skipped="0" failed="0" total="1" passed="1">
  <reporter-output>
  </reporter-output>
  <suite name="Default suite" duration-ms="114198" started-at="2015-10-28T15:14:27Z" finished-at="2015-10-28T15:16:21Z">
    <groups>
    </groups>
    <test name="Default test" duration-ms="114198" started-at="2015-10-28T15:14:27Z" finished-at="2015-10-28T15:16:21Z">
      <class name="VC.Vcd">
        <test-method status="PASS" signature="log()[pri:0, instance:VC.Vcd@4411d970]" name="log" duration-ms="114182" started-at="2015-10-28T11:14:27Z" finished-at="2015-10-28T11:16:21Z">
          <reporter-output>
          </reporter-output>
        </test-method> <!-- log -->
      </class> <!-- VC.Vcd -->
    </test> <!-- Default test -->
  </suite> <!-- Default suite -->
</testng-results>
